app/build/outputs/logs/manifest-merger-release-report.txt
-- Merging decision tree log ---
manifest
ADDED from src\main\AndroidManifest.xml:2:1-88:12
	package
		ADDED from src\main\AndroidManifest.xml:4:5-38
		INJECTED from src\main\AndroidManifest.xml
		INJECTED from src\main\AndroidManifest.xml
	android:versionName
		INJECTED from src\main\AndroidManifest.xml
		INJECTED from src\main\AndroidManifest.xml
	xmlns:tools
		ADDED from src\main\AndroidManifest.xml:3:5-51
	xmlns:android
		ADDED from src\main\AndroidManifest.xml:2:11-69
	android:versionCode
		INJECTED from src\main\AndroidManifest.xml
		INJECTED from src\main\AndroidManifest.xml
	android:installLocation
		ADDED from src\main\AndroidManifest.xml:5:5-45
supports-screens
ADDED from src\main\AndroidManifest.xml:7:5-12:40
	android:largeScreens
		ADDED from src\main\AndroidManifest.xml:9:9-36
	android:smallScreens
		ADDED from src\main\AndroidManifest.xml:11:9-36
	android:normalScreens
		ADDED from src\main\AndroidManifest.xml:10:9-37
	android:xlargeScreens
		ADDED from src\main\AndroidManifest.xml:12:9-37
	android:anyDensity
		ADDED from src\main\AndroidManifest.xml:8:9-34
uses-permission#android.permission.ACCESS_NETWORK_STATE
ADDED from src\main\AndroidManifest.xml:15:5-79
MERGED from [com.google.android.gms:play-services-ads-lite:9.6.0] AndroidManifest.xml:20:5-78
MERGED from [com.google.android.gms:play-services-analytics:9.6.0] AndroidManifest.xml:21:5-78
MERGED from [com.google.android.gms:play-services-analytics-impl:9.6.0] AndroidManifest.xml:21:5-78
	android:name
		ADDED from src\main\AndroidManifest.xml:15:22-76
uses-permission#android.permission.INTERNET
ADDED from src\main\AndroidManifest.xml:16:5-67
MERGED from [com.google.android.gms:play-services-ads-lite:9.6.0] AndroidManifest.xml:19:5-66
MERGED from [com.google.android.gms:play-services-analytics:9.6.0] AndroidManifest.xml:20:5-66
MERGED from [com.google.android.gms:play-services-analytics-impl:9.6.0] AndroidManifest.xml:20:5-66
	android:name
		ADDED from src\main\AndroidManifest.xml:16:22-64
uses-permission#android.permission.WRITE_EXTERNAL_STORAGE
ADDED from src\main\AndroidManifest.xml:17:5-81
	android:name
		ADDED from src\main\AndroidManifest.xml:17:22-78
uses-permission#android.permission.READ_EXTERNAL_STORAGE
ADDED from src\main\AndroidManifest.xml:18:5-80
	android:name
		ADDED from src\main\AndroidManifest.xml:18:22-77
application
ADDED from src\main\AndroidManifest.xml:21:5-86:19
MERGED from [com.android.support:design:23.2.1] AndroidManifest.xml:22:5-20
MERGED from [com.android.support:appcompat-v7:23.2.1] AndroidManifest.xml:25:5-20
MERGED from [com.android.support:animated-vector-drawable:23.2.1] AndroidManifest.xml:7:5-20
MERGED from [com.android.support:support-vector-drawable:23.2.1] AndroidManifest.xml:7:5-20
MERGED from [com.google.android.gms:play-services-ads-lite:9.6.0] AndroidManifest.xml:23:5-27:19
MERGED from [com.google.android.gms:play-services-clearcut:9.6.0] AndroidManifest.xml:18:5-19
MERGED from [com.google.android.gms:play-services-gass:9.6.0] AndroidManifest.xml:5:5-6:19
MERGED from [com.google.android.gms:play-services-analytics:9.6.0] AndroidManifest.xml:26:5-19
MERGED from [com.google.android.gms:play-services-analytics-impl:9.6.0] AndroidManifest.xml:26:5-19
MERGED from [com.google.android.gms:play-services-base:9.6.0] AndroidManifest.xml:18:5-20:19
MERGED from [com.google.android.gms:play-services-tasks:9.6.0] AndroidManifest.xml:4:5-19
MERGED from [com.google.android.gms:play-services-basement:9.6.0] AndroidManifest.xml:19:5-21:19
MERGED from [com.android.support:support-v4:24.0.0] AndroidManifest.xml:25:5-20
	android:label
		ADDED from src\main\AndroidManifest.xml:26:9-41
	android:supportsRtl
		ADDED from src\main\AndroidManifest.xml:28:9-35
	android:hardwareAccelerated
		ADDED from src\main\AndroidManifest.xml:24:9-44
	android:allowBackup
		ADDED from src\main\AndroidManifest.xml:23:9-35
	android:icon
		ADDED from src\main\AndroidManifest.xml:25:9-43
	android:largeHeap
		ADDED from src\main\AndroidManifest.xml:27:9-33
	android:theme
		ADDED from src\main\AndroidManifest.xml:29:9-46
	android:name
		ADDED from src\main\AndroidManifest.xml:22:9-67
activity#com.zhaapps.app.pdfview.activity.ViewPdfActivity
ADDED from src\main\AndroidManifest.xml:31:9-41:20
	android:name
		ADDED from src\main\AndroidManifest.xml:32:13-76
intent-filter#android.intent.action.VIEW+android.intent.category.BROWSABLE+android.intent.category.DEFAULT
ADDED from src\main\AndroidManifest.xml:33:13-40:29
action#android.intent.action.VIEW
ADDED from src\main\AndroidManifest.xml:34:17-69
	android:name
		ADDED from src\main\AndroidManifest.xml:34:25-66
category#android.intent.category.BROWSABLE
ADDED from src\main\AndroidManifest.xml:36:17-78
	android:name
		ADDED from src\main\AndroidManifest.xml:36:27-75
category#android.intent.category.DEFAULT
ADDED from src\main\AndroidManifest.xml:37:17-76
	android:name
		ADDED from src\main\AndroidManifest.xml:37:27-73
data
ADDED from src\main\AndroidManifest.xml:39:17-60
	android:mimeType
		ADDED from src\main\AndroidManifest.xml:39:23-57
activity#com.zhaapps.app.pdfview.activity.ActivityMain
ADDED from src\main\AndroidManifest.xml:43:9-45:48
	android:label
		ADDED from src\main\AndroidManifest.xml:45:13-45
	android:name
		ADDED from src\main\AndroidManifest.xml:44:13-73
activity#com.zhaapps.app.pdfview.activity.ActivitySplash
ADDED from src\main\AndroidManifest.xml:46:9-54:20
	android:theme
		ADDED from src\main\AndroidManifest.xml:48:13-69
	android:name
		ADDED from src\main\AndroidManifest.xml:47:13-75
intent-filter#android.intent.action.MAIN+android.intent.category.LAUNCHER
ADDED from src\main\AndroidManifest.xml:49:13-53:29
action#android.intent.action.MAIN
ADDED from src\main\AndroidManifest.xml:50:17-69
	android:name
		ADDED from src\main\AndroidManifest.xml:50:25-66
category#android.intent.category.LAUNCHER
ADDED from src\main\AndroidManifest.xml:52:17-77
	android:name
		ADDED from src\main\AndroidManifest.xml:52:27-74
activity#com.google.android.gms.ads.AdActivity
ADDED from src\main\AndroidManifest.xml:56:9-59:64
MERGED from [com.google.android.gms:play-services-ads-lite:9.6.0] AndroidManifest.xml:25:9-232
	android:configChanges
		ADDED from src\main\AndroidManifest.xml:58:13-122
	android:theme
		ADDED from src\main\AndroidManifest.xml:59:13-61
	android:name
		ADDED from src\main\AndroidManifest.xml:57:13-65
meta-data#com.google.android.gms.version
ADDED from src\main\AndroidManifest.xml:61:9-63:69
MERGED from [com.google.android.gms:play-services-basement:9.6.0] AndroidManifest.xml:20:9-121
	android:value
		ADDED from src\main\AndroidManifest.xml:63:13-66
	android:name
		ADDED from src\main\AndroidManifest.xml:62:13-58
receiver#com.google.android.gms.analytics.AnalyticsReceiver
ADDED from src\main\AndroidManifest.xml:65:9-71:20
	android:enabled
		ADDED from src\main\AndroidManifest.xml:67:13-35
	android:name
		ADDED from src\main\AndroidManifest.xml:66:13-78
intent-filter#com.google.android.gms.analytics.ANALYTICS_DISPATCH
ADDED from src\main\AndroidManifest.xml:68:13-70:29
action#com.google.android.gms.analytics.ANALYTICS_DISPATCH
ADDED from src\main\AndroidManifest.xml:69:17-94
	android:name
		ADDED from src\main\AndroidManifest.xml:69:25-91
service#com.google.android.gms.analytics.AnalyticsService
ADDED from src\main\AndroidManifest.xml:72:9-75:40
	android:enabled
		ADDED from src\main\AndroidManifest.xml:74:13-35
	android:exported
		ADDED from src\main\AndroidManifest.xml:75:13-37
	android:name
		ADDED from src\main\AndroidManifest.xml:73:13-77
receiver#com.google.android.gms.analytics.CampaignTrackingReceiver
ADDED from src\main\AndroidManifest.xml:77:9-83:20
	android:exported
		ADDED from src\main\AndroidManifest.xml:79:13-36
	android:name
		ADDED from src\main\AndroidManifest.xml:78:13-85
intent-filter#com.android.vending.INSTALL_REFERRER
ADDED from src\main\AndroidManifest.xml:80:13-82:29
action#com.android.vending.INSTALL_REFERRER
ADDED from src\main\AndroidManifest.xml:81:17-79
	android:name
		ADDED from src\main\AndroidManifest.xml:81:25-76
service#com.google.android.gms.analytics.CampaignTrackingService
ADDED from src\main\AndroidManifest.xml:84:9-92
	android:name
		ADDED from src\main\AndroidManifest.xml:84:18-89
uses-sdk
INJECTED from src\main\AndroidManifest.xml reason: use-sdk injection requested
MERGED from [com.android.support:multidex:1.0.1] AndroidManifest.xml:18:5-42
MERGED from [com.android.support:design:23.2.1] AndroidManifest.xml:20:5-43
MERGED from [com.android.support:appcompat-v7:23.2.1] AndroidManifest.xml:21:5-23:78
MERGED from [com.android.support:animated-vector-drawable:23.2.1] AndroidManifest.xml:5:5-44
MERGED from [com.android.support:support-vector-drawable:23.2.1] AndroidManifest.xml:5:5-43
MERGED from [com.android.support:recyclerview-v7:23.2.1] AndroidManifest.xml:20:5-43
MERGED from [com.github.barteksc:android-pdf-viewer:2.6.1] AndroidManifest.xml:7:5-9:41
MERGED from [com.github.barteksc:pdfium-android:1.5.0] AndroidManifest.xml:7:5-9:41
MERGED from [com.google.android.gms:play-services-ads:9.6.0] AndroidManifest.xml:17:5-42
MERGED from [com.google.android.gms:play-services-ads-lite:9.6.0] AndroidManifest.xml:22:5-42
MERGED from [com.google.android.gms:play-services-clearcut:9.6.0] AndroidManifest.xml:17:5-42
MERGED from [com.google.android.gms:play-services-analytics:9.6.0] AndroidManifest.xml:17:5-42
MERGED from [com.google.android.gms:play-services-analytics-impl:9.6.0] AndroidManifest.xml:17:5-42
MERGED from [com.google.android.gms:play-services-base:9.6.0] AndroidManifest.xml:17:5-42
MERGED from [com.google.android.gms:play-services-tasks:9.6.0] AndroidManifest.xml:3:5-42
MERGED from [com.google.android.gms:play-services-basement:9.6.0] AndroidManifest.xml:17:5-42
MERGED from [com.android.support:support-v4:24.0.0] AndroidManifest.xml:21:5-23:54
	tools:overrideLibrary
		ADDED from [com.android.support:appcompat-v7:23.2.1] AndroidManifest.xml:23:9-75
	android:targetSdkVersion
		INJECTED from src\main\AndroidManifest.xml
		INJECTED from src\main\AndroidManifest.xml
	android:minSdkVersion
		INJECTED from src\main\AndroidManifest.xml
		INJECTED from src\main\AndroidManifest.xml
activity#com.google.android.gms.ads.purchase.InAppPurchaseActivity
ADDED from [com.google.android.gms:play-services-ads-lite:9.6.0] AndroidManifest.xml:26:9-131
	android:theme
		ADDED from [com.google.android.gms:play-services-ads-lite:9.6.0] AndroidManifest.xml:26:92-129
	android:name
		ADDED from [com.google.android.gms:play-services-ads-lite:9.6.0] AndroidManifest.xml:26:19-91
uses-permission#android.permission.READ_PHONE_STATE
IMPLIED from src\main\AndroidManifest.xml:2:1-88:12 reason: com.google.android.gmscore.integ.client.gass has a targetSdkVersion < 4
uses-permission#android.permission.WAKE_LOCK
ADDED from [com.google.android.gms:play-services-analytics:9.6.0] AndroidManifest.xml:24:5-67
MERGED from [com.google.android.gms:play-services-analytics-impl:9.6.0] AndroidManifest.xml:24:5-67
	android:name
		ADDED from [com.google.android.gms:play-services-analytics:9.6.0] AndroidManifest.xml:24:22-65
activity#com.google.android.gms.common.api.GoogleApiActivity
ADDED from [com.google.android.gms:play-services-base:9.6.0] AndroidManifest.xml:19:9-172
	android:exported
		ADDED from [com.google.android.gms:play-services-base:9.6.0] AndroidManifest.xml:19:146-170
	android:theme
		ADDED from [com.google.android.gms:play-services-base:9.6.0] AndroidManifest.xml:19:86-145
	android:name
		ADDED from [com.google.android.gms:play-services-base:9.6.0] AndroidManifest.xml:19:19-85